<?xml version="1.0" encoding="UTF-8"?>
<testsuite name="Search by keyword" tests="1" skipped="0" failures="0" errors="0" timestamp="2021-03-20T23:06:16" hostname="192.168.1.104" time="18.937">
  <properties/>
  <testcase name="Searching amazon page" classname="Search by keyword" time="18.937"/>
  <system-out><![CDATA[@Override
Feature: Search by keyword

  @Override
  Scenario: Searching amazon page          ?[90m# src/test/resources/features/search/search_by_keyword.feature:6?[0m
18:06:16.729 [Test worker] INFO   - 
 _____ _____ ____ _____   ____ _____  _    ____ _____ _____ ____  
|_   _| ____/ ___|_   _| / ___|_   _|/ \  |  _ \_   _| ____|  _ \ 
  | | |  _| \___ \ | |   \___ \ | | / _ \ | |_) || | |  _| | | | |
  | | | |___ ___) || |    ___) || |/ ___ \|  _ < | | | |___| |_| |
  |_| |_____|____/ |_|   |____/ |_/_/   \_\_| \_\|_| |_____|____/ 

Searching amazon page(search-by-keyword;searching-amazon-page)
-------------------------------------------------------------------
18:06:17.485 [Test worker] INFO  n.s.c.w.d.ProvideNewDriver - Instantiating driver
18:06:17.485 [Test worker] INFO  n.s.c.w.d.ProvideNewDriver - Driver capabilities: Capabilities {acceptInsecureCerts: false, browserName: chrome, chrome.switches: --start-maximized;--test-ty..., goog:chromeOptions: {args: [--start-maximized, --test-type, --no-sandbox, --ignore-certificate-errors;\n, --disable-popup-blocking, --disable-default-apps, --disable-extensions-file-a..., --incognito, --disable-infobars, --disable-gpu], extensions: []}, loggingPrefs: org.openqa.selenium.logging..., platform: ANY, version: }
    ?[32mGiven ?[0m?[32m?[0m?[32m?[1mUser?[0m?[32m goes to main page?[0m           ?[90m# AmazonCartStepDefinitions.user_goes_to_main_page(String)?[0m
    ?[32mWhen ?[0m?[32mhe looks up Mobile phones?[0m         ?[90m# AmazonCartStepDefinitions.he_looks_up_Mobile_phones()?[0m
    ?[32mWhen ?[0m?[32mselects  Motorola?[0m                 ?[90m# AmazonCartStepDefinitions.selects_Motorola()?[0m
    ?[32mThen ?[0m?[32mhe should Add that mobile to cart?[0m ?[90m# AmazonCartStepDefinitions.he_should_Add_that_mobile_to_cart()?[0m
]]></system-out>
  <system-err><![CDATA[mar. 20, 2021 6:06:17 P.?M. org.openqa.selenium.remote.DesiredCapabilities chrome
INFORMACI?N: Using `new ChromeOptions()` is preferred to `DesiredCapabilities.chrome()`
Starting ChromeDriver 88.0.4324.96 (68dba2d8a0b149a1d3afac56fa74648032bcf46b-refs/branch-heads/4324@{#1784}) on port 10266
Only local connections are allowed.
Please see https://chromedriver.chromium.org/security-considerations for suggestions on keeping ChromeDriver safe.
ChromeDriver was started successfully.
[1616281580.272][WARNING]: This version of ChromeDriver has not been tested with Chrome version 89.
mar. 20, 2021 6:06:20 P.?M. org.openqa.selenium.remote.ProtocolHandshake createSession
INFORMACI?N: Detected dialect: W3C
]]></system-err>
</testsuite>
